Arguments: 
  /Users/omrprt/.nvm/versions/node/v9.5.0/bin/node /usr/local/Cellar/yarn/1.5.1/libexec/bin/yarn.js name

PATH: 
  /Users/omrprt/.rbenv/shims:/Users/omrprt/.nvm/versions/node/v9.5.0/bin:/Users/omrprt/bin:/usr/local/bin:/usr/local/bin:/usr/bin:/bin:/usr/sbin:/sbin:/Applications/Postgres.app/Contents/Versions/latest/bin

Yarn version: 
  1.5.1

Node version: 
  9.5.0

Platform: 
  darwin x64

npm manifest: 
  {
    "name": "dev-challenge",
    "version": "1.0.0",
    "description": "",
    "main": "back-end/app.js",
    "scripts": {
      "test": "echo \"Error: no test specified\" && exit 1",
      "dev": "nodemon back-end/app.js"
    },
    "repository": {
      "type": "git",
      "url": "git+https://github.com/Cordant/dev-challenge.git"
    },
    "author": "",
    "license": "ISC",
    "bugs": {
      "url": "https://github.com/Cordant/dev-challenge/issues"
    },
    "homepage": "https://github.com/Cordant/dev-challenge#readme",
    "dependencies": {
      "body-parser": "^1.18.2",
      "express": "^4.16.2",
      "node-fetch": "^2.0.0"
    },
    "devDependencies": {
      "nodemon": "^1.15.1"
    }
  }

yarn manifest: 
  No manifest

Lockfile: 
  No lockfile

Trace: 
  Error: Command "name" not found.
      at new MessageError (/usr/local/Cellar/yarn/1.5.1/libexec/lib/cli.js:186:110)
      at /usr/local/Cellar/yarn/1.5.1/libexec/lib/cli.js:87307:17
      at Generator.next (<anonymous>)
      at step (/usr/local/Cellar/yarn/1.5.1/libexec/lib/cli.js:98:30)
      at /usr/local/Cellar/yarn/1.5.1/libexec/lib/cli.js:116:14
      at new Promise (<anonymous>)
      at new F (/usr/local/Cellar/yarn/1.5.1/libexec/lib/cli.js:23451:28)
      at /usr/local/Cellar/yarn/1.5.1/libexec/lib/cli.js:95:12
      at runCommand (/usr/local/Cellar/yarn/1.5.1/libexec/lib/cli.js:87312:22)
      at Object.<anonymous> (/usr/local/Cellar/yarn/1.5.1/libexec/lib/cli.js:87412:14)
